[www.ewedinvite.site/THIEPMAUDOTRANG.html]
[backblue.gif]
[fade.gif]
[index.html]
[content.pancake.vn/1/s96x50/fwebp/06/92/cf/37/91602f3e90b650de349806f37b724ef20cbf59562bb96d335e1b9221-w_1200-h_630-l_898453-t_image/png.png]
[content.pancake.vn/1/s750x1050/fwebp/83/bf/ec/8c/773c7f08f555f31211f154f366ad6d216542348db720bd983c604278-w_1429-h_2000-l_151240-t_image/png.png]
[content.pancake.vn/1/s750x1050/fwebp/94/28/c5/c9/8f35889fe59086f483fadc616f93739670fcefb71cc0752947effffc-w_1429-h_2000-l_177289-t_image/png.png]
[content.pancake.vn/1/s656x875/fwebp/5a/f9/32/a3/8f426f0da03be3a183a6775045e1d4ac228140abee3751dadc3a86cb-w_1080-h_1440-l_110633-t_image/jpeg.jpg]
[content.pancake.vn/1/s750x1050/fwebp/ea/cc/05/c7/614dc6422e15e725e2533702e8c99c1c50c2ec42034a8cfc7a883d2f-w_1429-h_2000-l_154686-t_image/png.png]
[content.pancake.vn/1/fwebp/32/ff/b2/30/0cb0dd13dbf17e338719a83997b3c34052a957f32af3e744b17633d2-w_100-h_100-l_4048-t_image/png.png]
[content.pancake.vn/1/fwebp/b3/d7/78/bb/d8759c19ffd5366a85530fbb9d84c8030baaeae14a7b2d8e6d714072-w_313-h_313-l_4969-t_image/png.png]
[content.pancake.vn/1/fwebp/48/53/5d/e8/8360ef0daf228b537db79566ac2bfb8ff7d126e363d698bcaaf55ad8-w_100-h_100-l_4812-t_image/png.png]
[content.pancake.vn/1/s481x481/fwebp/fc/e6/9f/73/869f8d1e41593a31be6fb63256122728f3320233548fdc919694c113-w_500-h_500-l_22615-t_image/png.png]
[content.pancake.vn/1/fwebp/e7/f3/2e/9f/c37b6aa27572f1e8e9a939833d77ebe2563ed46102b316d6b293453e-w_313-h_313-l_124683-t_image/png.png]
[content.pancake.vn/1/fwebp/01/01/53/a6/107b40fff2db3985e6374bad6eb40b8bb6dfa91f0baa5d82e0bad933-w_313-h_313-l_8578-t_image/png.png]
[content.pancake.vn/1/s1014x676/fwebp/2c/43/3a/9b/d51e27bb45829b83e91ea54e82189178515342122ad7d4bf856d30c1-w_1080-h_720-l_53311-t_image/jpeg.jpg]
[content.pancake.vn/1/fwebp/1f/94/22/d2/4b84947380d319a034d00e7f832c3382c2e560af38d2eb0c27f28233-w_313-h_313-l_4199-t_image/png.png]
[content.pancake.vn/1/fwebp/57/9d/b4/54/8062abb209fa7d1a4f616d71addf48e4b528644d159a733f58090902-w_100-h_100-l_7010-t_image/png.png]
[content.pancake.vn/1/s517x776/fwebp/3c/3b/ca/e1/e12ca0e6af675d653327f5a3b5d2c7c2385f71d26b8fee7604b45828-w_1706-h_2560-l_224512-t_image/jpeg.jpg]
[content.pancake.vn/1/s517x776/fwebp/6f/2b/71/1d/03a457a718b5bf78c5639d6de0521b7a19ec698dcd5737408a50bd16-w_1707-h_2560-l_275640-t_image/jpeg.jpg]
[content.pancake.vn/1/s820x820/fwebp/29/ab/24/07/41f1ee19c5cec59b346d0318a574a667b9aae0c06afc8a82c04a3c46-w_2400-h_2400-l_103598-t_image/png.png]
[content.pancake.vn/1/s445x445/fwebp/59/9d/0d/23/829a2a25903e5b03a029f62911ad0300b2c875df84e143b3258f9633-w_3600-h_3600-l_165926-t_image/png.png]
[content.pancake.vn/1/fwebp/ea/22/0a/29/7282a3145204e1bfd9fcd61e814d26ec7b304aece5149f90e6438404-w_313-h_313-l_10169-t_image/png.png]
[content.pancake.vn/1/s526x789/fwebp/1f/ec/67/de/9e0ddf95bd1e8508eb6f0177f5ef50605c83a3a9833c96b0e66ad619-w_1080-h_1620-l_309623-t_image/jpeg.jpg]
[content.pancake.vn/1/s527x791/fwebp/4e/3a/ee/02/dc987c839e2d2b41608056aca76c61f8069679c0fdf6b585b28e0267-w_1080-h_1620-l_290935-t_image/jpeg.jpg]
[content.pancake.vn/web-media/10/8a/c7/a3/4469b23a30640d824081431e33cfd219c78e0717425798aed85f1535-w_1080-h_1440-l_167192-t_image/jpeg.jpg]
[content.pancake.vn/1/s1380x536/fwebp/cf/cf/28/5f/f9ca08165577556ed2df053b0962a0e8e670490844d7ad5e84fa48b2.png]
[content.pancake.vn/1/fwebp/e2/bc/35/38/dc2d9ddf74d997785eb0c802bd3237a50de1118e505f1e0a89ae4ec1-w_592-h_1280-l_497233-t_image/png.png]
[content.pancake.vn/1/02/d4/a7/88/fef5132f979892c1778a688f2039942fc24b396b332750179775f87e-w_200-h_200-l_8183-t_image/png.png]
[www.ewedinvite.site/info.html]
[api.webcake.io/animate/animatev43860.css]
[api.webcake.io/render_iconfont/iconfont3860.css]
[www.ewedinvite.site/webcake/v4/87a973af-519b-434e-ba47-80c4c65c8f11]
[content.pancake.vn/1/31/08/c9/52/c9f574ca2fa8481e1c8c657100583ddfbf47e33427d480a7dc32e788-w_200-h_200-l_242141-t_image/gif.gif]
[www.ewedinvite.site/page_viewaadb.gif]
[a.pancake.vn/js/fingerprint.js]
[www.ewedinvite.site/THIEPMAUDOTRANG.html]
[content.pancake.vn/1/s50x50/fwebp/44/2c/57/8e/d25a95bce65ad521c41fe753e65b561ca70be0cf88030dc5e0f11ce3-w_500-h_500-l_28532-t_image/jpeg.jpeg]
[content.pancake.vn/1/fwebp/44/2c/57/8e/d25a95bce65ad521c41fe753e65b561ca70be0cf88030dc5e0f11ce3-w_500-h_500-l_28532-t_image/jpeg.jpeg]
[content.pancake.vn/1/s450x450/fwebp/6a/be/e0/0a/d7335accb2128a23bbc4da24e5c40ae720a77b6258454fd24dc3d7c5-w_512-h_512-l_3489-t_image/png.png]
[content.pancake.vn/1/s434x434/fwebp/08/3f/7a/e9/be9a053a77ec7cdb461246a62779525962247b7146d4dcccce9c1cfb-w_512-h_512-l_29415-t_image/png.png]
[content.pancake.vn/1/s455x455/fwebp/08/3f/7a/e9/be9a053a77ec7cdb461246a62779525962247b7146d4dcccce9c1cfb-w_512-h_512-l_29415-t_image/png.png]
[content.pancake.vn/1/s780x1104/fwebp/26/93/50/9e/bf76e2db012898cb6d6e0f2f7d4204b01e376fdcdad68f9c922b78d4-w_1414-h_2000-l_459169-t_image/png.png]
[content.pancake.vn/1/s716x769/fwebp/89/8d/65/72/00a9b57fc0502e9e4fd10f52a88591447fe09827bc2a75a6594e0466-w_1194-h_1281-l_167472-t_image/jpeg.jpg]
[content.pancake.vn/1/s558x837/fwebp/9b/d0/07/db/b2f4a9af4db4e212ef4858d97d3b21670a89cc135eb83242930fb9a9-w_3648-h_5472-l_4859731-t_image/jpeg.JPG]
[content.pancake.vn/1/s558x837/fwebp/36/e9/3b/91/b509f3178c3f9cc2269ad95c71e8f7bf518662f0e3ba60965521185f-w_3648-h_5472-l_5009308-t_image/jpeg.JPG]
[content.pancake.vn/1/s809x540/fwebp/d9/fd/f3/cc/346b906ec52f2aa9b6cab052f4734b91046bb9e4049c2c0d67c6b5a1-w_5472-h_3648-l_4475255-t_image/jpeg.JPG]
[content.pancake.vn/1/s531x1149/fwebp/49/30/cf/9c/bf6e1f3654770e2804bb3fbd66f735defcf1afe7e912673b13127ec3-w_1284-h_2778-l_264592-t_image/jpeg.jpg]
[content.pancake.vn/1/s563x1001/fwebp/a2/18/1f/f1/b57219fe0909872786134188b2301a5748b1a2f134d11ec03914fcaa-w_1080-h_1920-l_136587-t_image/png.png]
[content.pancake.vn/1/s531x1149/fwebp/30/ba/1a/58/3b647b9ceae9dc6d3ee840ea60590128c023d097328a031265a847e1-w_1284-h_2778-l_327624-t_image/jpeg.jpg]
[content.pancake.vn/1/s531x1149/fwebp/87/64/45/86/7965694d519fb4a8d388fc857af7946b51d9694fceb36701eb1a5eb8-w_1284-h_2778-l_246255-t_image/jpeg.jpg]
[content.pancake.vn/1/s531x1149/fwebp/83/79/f6/f7/b38cfa5d0ae69b767c2a5df9139947d419b15d71cb1c1c288478aa6c-w_1284-h_2778-l_254078-t_image/jpeg.jpg]
[content.pancake.vn/1/s531x1149/fwebp/80/8a/4d/50/a41f16cf2ed4558a90b20cde1438251eae791ca4afc80ee98857b7b1-w_1284-h_2778-l_277752-t_image/jpeg.jpg]
[content.pancake.vn/1/s531x1149/fwebp/e1/19/96/5f/8a786dd718e6d23bd5c02c67b095512bafdc3c2d859c4d36da6bff40-w_1284-h_2778-l_253335-t_image/jpeg.jpg]
[content.pancake.vn/1/s531x1149/fwebp/f6/c2/db/1e/bdcb14bf4339cb5d26d7f882b589064b4dc3f2704152af54b0fbde3e-w_1284-h_2778-l_281825-t_image/jpeg.jpg]
[content.pancake.vn/1/s531x1149/fwebp/d5/09/21/1a/2598c1959f0a27235063c1fbbc20fbdf3c819a5be6e1d9607095da37-w_1284-h_2778-l_408919-t_image/jpeg.jpg]
[content.pancake.vn/1/s531x1149/fwebp/a9/6e/dd/d2/d14b2a87232d7470f30829145b643429d25eb714b34061ad89611f0f-w_1284-h_2778-l_332108-t_image/jpeg.jpg]
[content.pancake.vn/1/s676x1464/fwebp/4c/dc/31/ac/4cb553b00b9e261af4c270bc45bd315a14a70669fbbde64c152482cb-w_1242-h_2688-l_250006-t_image/jpeg.jpg]
[content.pancake.vn/1/s690x808/fwebp/84/c4/25/4b/4bd412d4a4efd2223c87b18d88d077ff82027e7a13d9f52a880f528b-w_1083-h_1267-l_158873-t_image/jpeg.jpg]
[content.pancake.vn/1/s691x742/fwebp/5d/17/3f/1d/0bf02f58b4796559c8de66242a43c100f7d5542ca6ea1bab697d294a-w_1284-h_1377-l_167097-t_image/jpeg.jpg]
[content.pancake.vn/1/s694x741/fwebp/84/a6/b6/27/0b39b48123ab6c9ca8d1d3d7f9b2f786954135332704fbae95c83aa4-w_1290-h_1377-l_170586-t_image/jpeg.jpg]
[www.ewedinvite.site/THIEPMAUCOBAN.html]
[www.ewedinvite.site/THIEPMAUDOVANG.html]
[www.ewedinvite.site/THIEPMAUXANHLA.html]
[www.ewedinvite.site/THIEPMAUXANHDUONG.html]
[www.ewedinvite.site/THIEPMAUHONG.html]
[www.ewedinvite.site/THIEPMAUDO.html]
[www.ewedinvite.site/THIEPMAUVANG.html]
[www.ewedinvite.site/THIEPMAUDOKHONGANH.html]
[www.ewedinvite.site/webcake/v4/addd0295-1163-4517-b679-b8d879ac9f63]
[www.ewedinvite.site/page_view5d79.gif]
[www.ewedinvite.site/info.html]
[api.webcake.io/animate/animatev43860.css]
[api.webcake.io/render_iconfont/iconfontbd18.woff2]
[api.webcake.io/render_iconfont/iconfontbd18.woff]
[api.webcake.io/render_iconfont/iconfont3860.css]
[api.webcake.io/render_iconfont/iconfontbd18.ttf]
[content.pancake.vn/1/fwebp/cf/cf/28/5f/f9ca08165577556ed2df053b0962a0e8e670490844d7ad5e84fa48b2-w_1366-h_530-l_48754-t_image/png.png]
[www.ewedinvite.site/page_viewce44.gif]
[www.ewedinvite.site/THIEPMAUCOBAN.html]
[content.pancake.vn/1/s840x1600/fwebp/fd/42/7d/0c/1ca1e8525f99e3105eb930cd8ed684a64b07a0d9df7e0c725ca9779c-w_1260-h_2400-l_65030-t_image/png.png]
[content.pancake.vn/1/s487x487/fwebp/c9/7c/2a/c5/5ba36c13eb69d83d80e92d1a2eee50cfee36e987297533b6480719a7-w_500-h_500-l_12182-t_image/png.png]
[content.pancake.vn/1/s840x1600/fwebp/fb/1a/3d/db/5397c85e01e68520b6e686acfb8f4b71fc813f563e456d159b222a3c-w_1260-h_2400-l_1301050-t_image/png.png]
[content.pancake.vn/1/s840x1600/fwebp/0e/6c/18/fb/44e9347bb12368a07e646ad45939e6086fc1ce3b2b39c28663352c01-w_1260-h_2400-l_1296984-t_image/png.png]
[content.pancake.vn/1/s487x487/fwebp/b3/56/e9/68/af4129e31d91132cb5316f8ce714f78a520be70fd480db42ff8122ce-w_500-h_500-l_43453-t_image/png.png]
[content.pancake.vn/1/fwebp/f5/0c/65/6f/daee3dc9b5487eb190fd88220ef5e6249cfe15ee9b4b145c97a89ee1-w_500-h_500-l_50319-t_image/png.png]
[content.pancake.vn/1/s486x486/fwebp/5d/4d/ed/50/c176e3fd3e67b078488c02451f6a09af9fe9e929c4f113f5c162595e-w_500-h_500-l_22239-t_image/png.png]
[content.pancake.vn/1/s516x775/fwebp/3c/3b/ca/e1/e12ca0e6af675d653327f5a3b5d2c7c2385f71d26b8fee7604b45828-w_1706-h_2560-l_224512-t_image/jpeg.jpg]
[content.pancake.vn/1/fwebp/80/ac/eb/cf/85e75c674913047eea133813069cf9dc6d9a1acadb58c454077c94c5-w_500-h_500-l_9074-t_image/png.png]
[content.pancake.vn/1/s775x775/fwebp/f9/98/70/54/59b84c281bf331dc5baccfb671f74826f2cc248fe6459e58d0fd17bc-w_1200-h_1200-l_51245-t_image/png.png]
[content.pancake.vn/1/s438x438/fwebp/59/9d/0d/23/829a2a25903e5b03a029f62911ad0300b2c875df84e143b3258f9633-w_3600-h_3600-l_165926-t_image/png.png]
[content.pancake.vn/web-media/e9/80/6a/05/fcf14d0545da0e656237816d3712c50d2792afda074a96abfd9bcec5-w_878-h_1280-l_99344-t_image/jpeg.jpg]
[www.ewedinvite.site/page_view392b.gif]
[www.ewedinvite.site/THIEPMAUDOVANG.html]
[content.pancake.vn/1/s750x1051/fwebp/05/e8/a8/16/01929026352f538e92df0cf5acb55a927a088c800fcceec2f2ed400e-w_2857-h_4000-l_443402-t_image/png.png]
[content.pancake.vn/1/s750x1051/fwebp/7e/0e/ee/a0/c27d822a813538477d62a88d9e8b8589c4d236ff795f70c73cfc3b7e-w_2857-h_4000-l_498009-t_image/png.png]
[content.pancake.vn/1/s654x873/fwebp/b8/a9/be/33/645ec95fdf293c645381a4aefd65aada76ac2c12e1a08201bf323dd5-w_1919-h_2560-l_363265-t_image/jpeg.jpg]
[content.pancake.vn/1/s750x1051/fwebp/f1/c6/99/9b/84ae5a36a38f56bd560b76c5127697498d846aedb2d7c19b97fb91d3-w_2857-h_4000-l_451305-t_image/png.png]
[content.pancake.vn/1/fwebp/ad/5f/53/64/1edd4fef1a388b55bd7e911576af2974ef23eee1d6e8256fbc284adb-w_313-h_313-l_85150-t_image/png.png]
[content.pancake.vn/1/fwebp/96/eb/3e/88/e0669ae69ebd15ed0ce1f5084f1c40ff9f5f95748b2f5655a899050e-w_313-h_313-l_52959-t_image/png.png]
[content.pancake.vn/1/fwebp/bf/2f/5d/80/19a0458767a0deb97944f43446b1d99e2f5f6dd0f391afe8f83701fd-w_313-h_313-l_43599-t_image/png.png]
[content.pancake.vn/1/fwebp/1f/16/e4/11/0b3d30427528ab5be1b6228746b88c90298787bf4b800b6b390c3f0e-w_100-h_100-l_4112-t_image/png.png]
[content.pancake.vn/1/s754x1006/fwebp/9b/88/f1/17/9ce85c6c98630dcebbd8857da9d943d9459478d7a17462251be04d2c-w_1919-h_2560-l_246373-t_image/jpeg.jpg]
[content.pancake.vn/1/s802x802/fwebp/f9/f9/14/61/b93e1944e481ef0a3271a5b1b06dcbc479caff75dae08567c7060473-w_1200-h_1200-l_56235-t_image/png.png]
[content.pancake.vn/1/fwebp/9e/29/8f/06/7eca1cf0dfeeb23c555f0b1342b52bdee2d79ebf94cbadadcbaf3854-w_225-h_225-l_8407-t_image/png.png]
[www.ewedinvite.site/page_view9e64.gif]
[www.ewedinvite.site/THIEPMAUXANHLA.html]
[content.pancake.vn/1/fwebp/65/3c/aa/be/35e135afc2c6420bc52abd8fb3768c346420d9efa7b879cd959ee353-w_840-h_1600-l_459659-t_image/png.png]
[www.ewedinvite.site/THIEPMAUXANHDUONG.html]
[www.ewedinvite.site/page_view4aa1.gif]
[content.pancake.vn/1/s840x1600/fwebp/c2/20/8f/dd/630c812f4ba82e3308747b7d62781f5e3a37a09149b638cd8f99c18d-w_1260-h_2400-l_187076-t_image/png.png]
[www.ewedinvite.site/page_view9102.gif]
[www.ewedinvite.site/THIEPMAUHONG.html]
[www.ewedinvite.site/page_viewa969.gif]
[www.ewedinvite.site/THIEPMAUDO.html]
[content.pancake.vn/1/fwebp/ba/7b/8d/d3/c8e722363da7e4ceeef2e57ed0c3e4f4b2cf92d4a6b68e1bcec70469-w_420-h_800-l_506659-t_image/png.png]
[content.pancake.vn/1/fwebp0/6d/3a/2c/a6/c3a301f9aa040dfc063964026cc8b3dedecb778022429f6b55c5b09f-w_420-h_800-l_598817-t_image/png.png]
[content.pancake.vn/1/fwebp/70/9f/d6/5e/19d5123521ffb7d85d46c600caeb5f071a84f2df3eaf64d066f66759-w_420-h_800-l_78342-t_image/png.png]
[www.ewedinvite.site/page_view07ba.gif]
[www.ewedinvite.site/THIEPMAUVANG.html]
[content.pancake.vn/1/s96x50/fwebp/bf/0f/74/03/0d3c71962097b0b872b18f9dbb6d89c99ed317243e92c5d7cb61a850-w_1200-h_630-l_358854-t_image/png.png]
[content.pancake.vn/1/fwebp/fc/e6/9f/73/869f8d1e41593a31be6fb63256122728f3320233548fdc919694c113-w_500-h_500-l_22615-t_image/png.png]
[content.pancake.vn/1/s950x1183/fwebp/0b/98/75/72/baccd8ad96649c5a0390368ea7de414202b8b008e0db7d80e9988126-w_1470-h_1830-l_1100261-t_image/png.png]
[content.pancake.vn/1/s765x765/fwebp/f9/98/70/54/59b84c281bf331dc5baccfb671f74826f2cc248fe6459e58d0fd17bc-w_1200-h_1200-l_51245-t_image/png.png]
[content.pancake.vn/1/be/ad/61/25/69ccff4bf9c533a8297ad940b8f871b8bc7057593d2ec6f7d9c9066b.png]
[www.ewedinvite.site/page_view80e3.gif]
[www.ewedinvite.site/THIEPMAUDOKHONGANH.html]
[content.pancake.vn/1/s516x774/fwebp/6f/2b/71/1d/03a457a718b5bf78c5639d6de0521b7a19ec698dcd5737408a50bd16-w_1707-h_2560-l_275640-t_image/jpeg.jpg]
